Arguments: 
  /Users/grimoh117/.asdf/installs/nodejs/15.13.0/bin/node /Users/grimoh117/.asdf/installs/yarn/1.22.10/bin/yarn.js add postcss^cli

PATH: 
  /Users/grimoh117/.asdf/installs/nodejs/15.13.0/bin:/Users/grimoh117/.asdf/installs/nodejs/15.13.0/.npm/bin:/Users/grimoh117/.asdf/installs/yarn/1.22.10/bin:/Users/grimoh117/.go/bin:/Users/grimoh117/.asdf/installs/nodejs/15.13.0/.npm/bin:/Users/grimoh117/.asdf/shims:/Users/grimoh117/.asdf/bin:/usr/local/bin:/usr/bin:/bin:/usr/sbin:/sbin

Yarn version: 
  1.22.10

Node version: 
  15.13.0

Platform: 
  darwin x64

Trace: 
  Error: https://registry.yarnpkg.com/postcss%5Ecli: Not found
      at Request.params.callback [as _callback] (/Users/grimoh117/.asdf/installs/yarn/1.22.10/lib/cli.js:66988:18)
      at Request.self.callback (/Users/grimoh117/.asdf/installs/yarn/1.22.10/lib/cli.js:140749:22)
      at Request.emit (node:events:369:20)
      at Request.<anonymous> (/Users/grimoh117/.asdf/installs/yarn/1.22.10/lib/cli.js:141721:10)
      at Request.emit (node:events:369:20)
      at IncomingMessage.<anonymous> (/Users/grimoh117/.asdf/installs/yarn/1.22.10/lib/cli.js:141643:12)
      at Object.onceWrapper (node:events:475:28)
      at IncomingMessage.emit (node:events:381:22)
      at endReadableNT (node:internal/streams/readable:1307:12)
      at processTicksAndRejections (node:internal/process/task_queues:81:21)

npm manifest: 
  {
    "dependencies": {
      "postcss": "^8.2.15"
    }
  }

yarn manifest: 
  No manifest

Lockfile: 
  # THIS IS AN AUTOGENERATED FILE. DO NOT EDIT THIS FILE DIRECTLY.
  # yarn lockfile v1
  
  
  colorette@^1.2.2:
    version "1.2.2"
    resolved "https://registry.yarnpkg.com/colorette/-/colorette-1.2.2.tgz#cbcc79d5e99caea2dbf10eb3a26fd8b3e6acfa94"
    integrity sha512-MKGMzyfeuutC/ZJ1cba9NqcNpfeqMUcYmyF1ZFY6/Cn7CNSAKx6a+s48sqLqyAiZuaP2TcqMhoo+dlwFnVxT9w==
  
  nanoid@^3.1.23:
    version "3.1.23"
    resolved "https://registry.yarnpkg.com/nanoid/-/nanoid-3.1.23.tgz#f744086ce7c2bc47ee0a8472574d5c78e4183a81"
    integrity sha512-FiB0kzdP0FFVGDKlRLEQ1BgDzU87dy5NnzjeW9YZNt+/c3+q82EQDUwniSAUxp/F0gFNI1ZhKU1FqYsMuqZVnw==
  
  postcss@^8.2.15:
    version "8.2.15"
    resolved "https://registry.yarnpkg.com/postcss/-/postcss-8.2.15.tgz#9e66ccf07292817d226fc315cbbf9bc148fbca65"
    integrity sha512-2zO3b26eJD/8rb106Qu2o7Qgg52ND5HPjcyQiK2B98O388h43A448LCslC0dI2P97wCAQRJsFvwTRcXxTKds+Q==
    dependencies:
      colorette "^1.2.2"
      nanoid "^3.1.23"
      source-map "^0.6.1"
  
  source-map@^0.6.1:
    version "0.6.1"
    resolved "https://registry.yarnpkg.com/source-map/-/source-map-0.6.1.tgz#74722af32e9614e9c287a8d0bbde48b5e2f1a263"
    integrity sha512-UjgapumWlbMhkBgzT7Ykc5YXUT46F0iKu8SGXq0bcwP5dz/h0Plj6enJqjz1Zbq2l5WaqYnrVbwWOWMyF3F47g==
